<?xml version="1.0" encoding="UTF-8"?>
<testsuite xmlns:xsi="http://www.w3.org/2001/XMLSchema-instance" xsi:noNamespaceSchemaLocation="https://maven.apache.org/surefire/maven-surefire-plugin/xsd/surefire-test-report.xsd" name="com.linknordic.AppTest" time="0.076" tests="1" errors="0" skipped="0" failures="0">
  <properties>
    <property name="sun.desktop" value="windows"/>
    <property name="awt.toolkit" value="sun.awt.windows.WToolkit"/>
    <property name="java.specification.version" value="11"/>
    <property name="sun.cpu.isalist" value="amd64"/>
    <property name="sun.jnu.encoding" value="Cp1252"/>
    <property name="java.class.path" value="C:\Div\Java\testproject\target\test-classes;C:\Div\Java\testproject\target\classes;C:\Users\prebe\.m2\repository\junit\junit\4.11\junit-4.11.jar;C:\Users\prebe\.m2\repository\org\hamcrest\hamcrest-core\1.3\hamcrest-core-1.3.jar;C:\Users\prebe\.m2\repository\no\difi\vefa\validator-core\2.1.0\validator-core-2.1.0.jar;C:\Users\prebe\.m2\repository\no\difi\vefa\validator-api\2.1.0\validator-api-2.1.0.jar;C:\Users\prebe\.m2\repository\no\difi\commons\commons-asic\0.9.3\commons-asic-0.9.3.jar;C:\Users\prebe\.m2\repository\org\bouncycastle\bcpkix-jdk15on\1.57\bcpkix-jdk15on-1.57.jar;C:\Users\prebe\.m2\repository\org\bouncycastle\bcprov-jdk15on\1.57\bcprov-jdk15on-1.57.jar;C:\Users\prebe\.m2\repository\com\google\guava\guava\20.0\guava-20.0.jar;C:\Users\prebe\.m2\repository\no\difi\commons\commons-schematron\0.9.5\commons-schematron-0.9.5.jar;C:\Users\prebe\.m2\repository\net\sf\saxon\Saxon-HE\9.8.0-15\Saxon-HE-9.8.0-15.jar;C:\Users\prebe\.m2\repository\org\slf4j\slf4j-api\1.7.28\slf4j-api-1.7.28.jar;C:\Users\prebe\.m2\repository\com\google\inject\guice\4.2.2\guice-4.2.2.jar;C:\Users\prebe\.m2\repository\javax\inject\javax.inject\1\javax.inject-1.jar;C:\Users\prebe\.m2\repository\aopalliance\aopalliance\1.0\aopalliance-1.0.jar;C:\Users\prebe\.m2\repository\org\glassfish\jaxb\jaxb-runtime\2.3.2\jaxb-runtime-2.3.2.jar;C:\Users\prebe\.m2\repository\jakarta\xml\bind\jakarta.xml.bind-api\2.3.2\jakarta.xml.bind-api-2.3.2.jar;C:\Users\prebe\.m2\repository\org\glassfish\jaxb\txw2\2.3.2\txw2-2.3.2.jar;C:\Users\prebe\.m2\repository\com\sun\istack\istack-commons-runtime\3.0.8\istack-commons-runtime-3.0.8.jar;C:\Users\prebe\.m2\repository\org\jvnet\staxex\stax-ex\1.8.1\stax-ex-1.8.1.jar;C:\Users\prebe\.m2\repository\com\sun\xml\fastinfoset\FastInfoset\1.2.16\FastInfoset-1.2.16.jar;C:\Users\prebe\.m2\repository\jakarta\activation\jakarta.activation-api\1.2.1\jakarta.activation-api-1.2.1.jar;C:\Users\prebe\.m2\repository\net\sourceforge\argparse4j\argparse4j\0.8.1\argparse4j-0.8.1.jar;C:\Users\prebe\.m2\repository\streamserve\jstrs\16.6.2_GA_343\jstrs-16.6.2_GA_343.jar;C:\Users\prebe\.m2\repository\streamserve\jstrscs\16.6.2_GA_343\jstrscs-16.6.2_GA_343.jar;"/>
    <property name="java.vm.vendor" value="Oracle Corporation"/>
    <property name="sun.arch.data.model" value="64"/>
    <property name="user.variant" value=""/>
    <property name="java.vendor.url" value="http://java.oracle.com/"/>
    <property name="user.timezone" value="Europe/Berlin"/>
    <property name="java.vm.specification.version" value="11"/>
    <property name="os.name" value="Windows 10"/>
    <property name="sun.java.launcher" value="SUN_STANDARD"/>
    <property name="user.country" value="US"/>
    <property name="sun.boot.library.path" value="C:\Program Files\Java\jdk-11\bin"/>
    <property name="sun.java.command" value="C:\Users\prebe\AppData\Local\Temp\surefire11451667031497387706\surefirebooter14294796506670197756.jar C:\Users\prebe\AppData\Local\Temp\surefire11451667031497387706 2021-08-27T14-25-02_791-jvmRun1 surefire9060409240813326571tmp surefire_09410021559575777944tmp"/>
    <property name="jdk.debug" value="release"/>
    <property name="surefire.test.class.path" value="C:\Div\Java\testproject\target\test-classes;C:\Div\Java\testproject\target\classes;C:\Users\prebe\.m2\repository\junit\junit\4.11\junit-4.11.jar;C:\Users\prebe\.m2\repository\org\hamcrest\hamcrest-core\1.3\hamcrest-core-1.3.jar;C:\Users\prebe\.m2\repository\no\difi\vefa\validator-core\2.1.0\validator-core-2.1.0.jar;C:\Users\prebe\.m2\repository\no\difi\vefa\validator-api\2.1.0\validator-api-2.1.0.jar;C:\Users\prebe\.m2\repository\no\difi\commons\commons-asic\0.9.3\commons-asic-0.9.3.jar;C:\Users\prebe\.m2\repository\org\bouncycastle\bcpkix-jdk15on\1.57\bcpkix-jdk15on-1.57.jar;C:\Users\prebe\.m2\repository\org\bouncycastle\bcprov-jdk15on\1.57\bcprov-jdk15on-1.57.jar;C:\Users\prebe\.m2\repository\com\google\guava\guava\20.0\guava-20.0.jar;C:\Users\prebe\.m2\repository\no\difi\commons\commons-schematron\0.9.5\commons-schematron-0.9.5.jar;C:\Users\prebe\.m2\repository\net\sf\saxon\Saxon-HE\9.8.0-15\Saxon-HE-9.8.0-15.jar;C:\Users\prebe\.m2\repository\org\slf4j\slf4j-api\1.7.28\slf4j-api-1.7.28.jar;C:\Users\prebe\.m2\repository\com\google\inject\guice\4.2.2\guice-4.2.2.jar;C:\Users\prebe\.m2\repository\javax\inject\javax.inject\1\javax.inject-1.jar;C:\Users\prebe\.m2\repository\aopalliance\aopalliance\1.0\aopalliance-1.0.jar;C:\Users\prebe\.m2\repository\org\glassfish\jaxb\jaxb-runtime\2.3.2\jaxb-runtime-2.3.2.jar;C:\Users\prebe\.m2\repository\jakarta\xml\bind\jakarta.xml.bind-api\2.3.2\jakarta.xml.bind-api-2.3.2.jar;C:\Users\prebe\.m2\repository\org\glassfish\jaxb\txw2\2.3.2\txw2-2.3.2.jar;C:\Users\prebe\.m2\repository\com\sun\istack\istack-commons-runtime\3.0.8\istack-commons-runtime-3.0.8.jar;C:\Users\prebe\.m2\repository\org\jvnet\staxex\stax-ex\1.8.1\stax-ex-1.8.1.jar;C:\Users\prebe\.m2\repository\com\sun\xml\fastinfoset\FastInfoset\1.2.16\FastInfoset-1.2.16.jar;C:\Users\prebe\.m2\repository\jakarta\activation\jakarta.activation-api\1.2.1\jakarta.activation-api-1.2.1.jar;C:\Users\prebe\.m2\repository\net\sourceforge\argparse4j\argparse4j\0.8.1\argparse4j-0.8.1.jar;C:\Users\prebe\.m2\repository\streamserve\jstrs\16.6.2_GA_343\jstrs-16.6.2_GA_343.jar;C:\Users\prebe\.m2\repository\streamserve\jstrscs\16.6.2_GA_343\jstrscs-16.6.2_GA_343.jar;"/>
    <property name="sun.cpu.endian" value="little"/>
    <property name="user.home" value="C:\Users\prebe"/>
    <property name="user.language" value="en"/>
    <property name="java.specification.vendor" value="Oracle Corporation"/>
    <property name="java.version.date" value="2018-09-25"/>
    <property name="java.home" value="C:\Program Files\Java\jdk-11"/>
    <property name="file.separator" value="\"/>
    <property name="basedir" value="C:\Div\Java\testproject"/>
    <property name="java.vm.compressedOopsMode" value="Zero based"/>
    <property name="line.separator" value="&#10;"/>
    <property name="java.specification.name" value="Java Platform API Specification"/>
    <property name="java.vm.specification.vendor" value="Oracle Corporation"/>
    <property name="java.awt.graphicsenv" value="sun.awt.Win32GraphicsEnvironment"/>
    <property name="surefire.real.class.path" value="C:\Users\prebe\AppData\Local\Temp\surefire11451667031497387706\surefirebooter14294796506670197756.jar"/>
    <property name="user.script" value=""/>
    <property name="sun.management.compiler" value="HotSpot 64-Bit Tiered Compilers"/>
    <property name="java.runtime.version" value="11+28"/>
    <property name="user.name" value="prebe"/>
    <property name="path.separator" value=";"/>
    <property name="os.version" value="10.0"/>
    <property name="java.runtime.name" value="OpenJDK Runtime Environment"/>
    <property name="file.encoding" value="Cp1252"/>
    <property name="java.vm.name" value="OpenJDK 64-Bit Server VM"/>
    <property name="java.vendor.version" value="18.9"/>
    <property name="localRepository" value="C:\Users\prebe\.m2\repository"/>
    <property name="java.vendor.url.bug" value="http://bugreport.java.com/bugreport/"/>
    <property name="java.io.tmpdir" value="C:\Users\prebe\AppData\Local\Temp\"/>
    <property name="java.version" value="11"/>
    <property name="user.dir" value="C:\Div\Java\testproject"/>
    <property name="os.arch" value="amd64"/>
    <property name="java.vm.specification.name" value="Java Virtual Machine Specification"/>
    <property name="java.awt.printerjob" value="sun.awt.windows.WPrinterJob"/>
    <property name="sun.os.patch.level" value=""/>
    <property name="java.library.path" value="C:\Program Files\Java\jdk-11\bin;C:\WINDOWS\Sun\Java\bin;C:\WINDOWS\system32;C:\WINDOWS;C:\Program Files\PowerShell\7;C:\Python39\Scripts\;C:\Python39\;C:\Program Files\AdoptOpenJDK\jdk-11.0.7.10-hotspot\bin;C:\WINDOWS\system32;C:\WINDOWS;C:\WINDOWS\System32\Wbem;C:\WINDOWS\System32\WindowsPowerShell\v1.0\;C:\WINDOWS\System32\OpenSSH\;C:\ProgramData\chocolatey\bin;C:\Program Files\Git\cmd;C:\Program Files\dotnet\;C:\Program Files\Microsoft SQL Server\130\Tools\Binn\;C:\Program Files\Microsoft SQL Server\Client SDK\ODBC\170\Tools\Binn\;C:\Program Files\apache-maven-3.6.3\bin;C:\Users\prebe\Google Drive\temp\Validator\lib;C:\Program Files\PostgreSQL\13\bin;C:\Program Files\Go\bin;C:\Program Files\PowerShell\7\;C:\Program Files (x86)\nodejs\;C:\Program Files\Helm;C:\Program Files\Docker\Docker\resources\bin;C:\ProgramData\DockerDesktop\version-bin;C:\Program Files\Amazon\AWSCLIV2\;C:\Program Files\Java\jdk-11\bin;C:\Users\prebe\AppData\Local\Microsoft\WindowsApps;C:\Users\prebe\AppData\Local\Programs\Microsoft VS Code\bin;C:\Users\prebe\.dotnet\tools;C:\Users\prebe\AppData\Local\GitHubDesktop\bin;C:\Program Files (x86)\IDM Computer Solutions\UltraEdit\;C:\Users\prebe\AppData\Local\Microsoft\WindowsApps;C:\Users\prebe\go\bin;C:\Users\prebe\.dotnet\tools;C:\Users\prebe\AppData\Roaming\npm;;."/>
    <property name="java.vendor" value="Oracle Corporation"/>
    <property name="java.vm.info" value="mixed mode"/>
    <property name="java.vm.version" value="11+28"/>
    <property name="sun.io.unicode.encoding" value="UnicodeLittle"/>
    <property name="java.class.version" value="55.0"/>
  </properties>
  <testcase name="shouldAnswerWithTrue" classname="com.linknordic.AppTest" time="0.002"/>
</testsuite>